<?xml version="1.0" encoding="UTF-8"?>
<testng-results ignored="0" total="1" passed="1" failed="0" skipped="0">
  <reporter-output>
  </reporter-output>
  <suite started-at="2025-03-13T13:20:24 IST" name="FlightBookingSuite" finished-at="2025-03-13T13:20:37 IST" duration-ms="12756">
    <groups>
    </groups>
    <test started-at="2025-03-13T13:20:24 IST" name="FlightBookingTest" finished-at="2025-03-13T13:20:37 IST" duration-ms="12756">
      <class name="com.tests.FlightBookingTest">
        <test-method is-config="true" signature="setUp()[pri:0, instance:com.tests.FlightBookingTest@5460cf3a]" started-at="2025-03-13T13:20:24 IST" name="setUp" finished-at="2025-03-13T13:20:26 IST" duration-ms="1344" status="PASS">
          <reporter-output>
          </reporter-output>
        </test-method> <!-- setUp -->
        <test-method signature="testFlightBooking(java.lang.String,java.lang.String,java.lang.String)[pri:0, instance:com.tests.FlightBookingTest@5460cf3a]" started-at="2025-03-13T13:20:26 IST" name="testFlightBooking" data-provider="flightData" finished-at="2025-03-13T13:20:37 IST" duration-ms="11243" status="PASS">
          <params>
            <param index="0">
              <value>
                <![CDATA[https://blazedemo.com/index.php]]>
              </value>
            </param>
            <param index="1">
              <value>
                <![CDATA[Mexico City]]>
              </value>
            </param>
            <param index="2">
              <value>
                <![CDATA[London]]>
              </value>
            </param>
          </params>
          <reporter-output>
          </reporter-output>
        </test-method> <!-- testFlightBooking -->
        <test-method is-config="true" signature="tearDown()[pri:0, instance:com.tests.FlightBookingTest@5460cf3a]" started-at="2025-03-13T13:20:37 IST" name="tearDown" finished-at="2025-03-13T13:20:37 IST" duration-ms="159" status="PASS">
          <reporter-output>
          </reporter-output>
        </test-method> <!-- tearDown -->
      </class> <!-- com.tests.FlightBookingTest -->
    </test> <!-- FlightBookingTest -->
  </suite> <!-- FlightBookingSuite -->
</testng-results>
