<?xml version="1.0" encoding="UTF-8"?>
<testng-results ignored="0" total="2" passed="2" failed="0" skipped="0">
  <reporter-output>
  </reporter-output>
  <suite started-at="2025-03-13T13:38:04 IST" name="FlightBookingSuite" finished-at="2025-03-13T13:38:19 IST" duration-ms="14729">
    <groups>
    </groups>
    <test started-at="2025-03-13T13:38:04 IST" name="FlightBookingTest" finished-at="2025-03-13T13:38:19 IST" duration-ms="14729">
      <class name="com.tests.FlightBookingTest">
        <test-method is-config="true" signature="setUp()[pri:0, instance:com.tests.FlightBookingTest@4ed5eb72]" started-at="2025-03-13T13:38:04 IST" name="setUp" finished-at="2025-03-13T13:38:06 IST" duration-ms="2202" status="PASS">
          <reporter-output>
          </reporter-output>
        </test-method> <!-- setUp -->
        <test-method signature="testFlightBooking(java.lang.String,java.lang.String,java.lang.String)[pri:0, instance:com.tests.FlightBookingTest@4ed5eb72]" started-at="2025-03-13T13:38:07 IST" name="testFlightBooking" data-provider="flightData" finished-at="2025-03-13T13:38:14 IST" duration-ms="7932" status="PASS">
          <params>
            <param index="0">
              <value>
                <![CDATA[https://blazedemo.com/index.php]]>
              </value>
            </param>
            <param index="1">
              <value>
                <![CDATA[Mexico City]]>
              </value>
            </param>
            <param index="2">
              <value>
                <![CDATA[London]]>
              </value>
            </param>
          </params>
          <reporter-output>
          </reporter-output>
        </test-method> <!-- testFlightBooking -->
        <test-method signature="testFlightBooking(java.lang.String,java.lang.String,java.lang.String)[pri:0, instance:com.tests.FlightBookingTest@4ed5eb72]" started-at="2025-03-13T13:38:14 IST" name="testFlightBooking" data-provider="flightData" finished-at="2025-03-13T13:38:18 IST" duration-ms="3984" status="PASS">
          <params>
            <param index="0">
              <value>
                <![CDATA[https://blazedemo.com/index.php]]>
              </value>
            </param>
            <param index="1">
              <value>
                <![CDATA[Boston]]>
              </value>
            </param>
            <param index="2">
              <value>
                <![CDATA[Berlin]]>
              </value>
            </param>
          </params>
          <reporter-output>
          </reporter-output>
        </test-method> <!-- testFlightBooking -->
        <test-method is-config="true" signature="tearDown()[pri:0, instance:com.tests.FlightBookingTest@4ed5eb72]" started-at="2025-03-13T13:38:18 IST" name="tearDown" finished-at="2025-03-13T13:38:19 IST" duration-ms="164" status="PASS">
          <reporter-output>
          </reporter-output>
        </test-method> <!-- tearDown -->
      </class> <!-- com.tests.FlightBookingTest -->
    </test> <!-- FlightBookingTest -->
  </suite> <!-- FlightBookingSuite -->
</testng-results>
